This is pdfTeX, Version 3.141592653-2.6-1.40.24 (TeX Live 2022) (preloaded format=pdflatex 2022.5.13)  8 JUL 2022 11:35
entering extended mode
 restricted \write18 enabled.
 %&-line parsing enabled.
**NLEguide.tex
(./NLEguide.tex
LaTeX2e <2021-11-15> patch level 1
L3 programming layer <2022-02-24> (./nle.cls

LaTeX Warning: You have requested document class `nle',
               but the document class provides `NLE'.

Document Class: NLE 2019/01/31 v1.0 CUP NLE LaTeX document class
\tempcount=\count185
\affcount=\count186
\afftempcount=\count187
\tempaffcount=\count188
\instcount=\count189
\insttempcount=\count190
\tempinstcount=\count191
\deptcount=\count192
\depttempcount=\count193
\tempdeptcount=\count194
\streetcount=\count195
\streettempcount=\count196
\tempstreetcount=\count197
\citycount=\count198
\citytempcount=\count199
\tempcitycount=\count266
\statecount=\count267
\statetempcount=\count268
\tempstatecount=\count269
\postcodecount=\count270
\postcodetempcount=\count271
\temppostcodecount=\count272
\countrycount=\count273
\countrytempcount=\count274
\tempcountrycount=\count275
\refvaluecount=\count276
\temprefvaluecount=\count277
\refvaluetempcount=\count278
\enunheadcount=\count279
\tempenunheadcount=\count280
\enuntempcount=\count281
\algheadcount=\count282
\tempalgheadcount=\count283
\algtempcount=\count284
\authorcount=\count285
\tempauthorcount=\count286
\authorcommacount=\count287
\authortempcount=\count288
\keywordcount=\count289
\keytempcount=\count290
\tempkeywordcount=\count291
\minute=\count292
\hour=\count293
\authorcount=\count294
\tempaffilcount=\count295
\authorcount=\count296
\tempauthorcount=\count297
\affiliationcount=\count298
\tempaffiliationcount=\count299
\tempcount=\count300
\affilcount=\count301
\affiltempcount=\count302
\tempaffilcount=\count303
\membercount=\count304
\membertempcount=\count305
\tempmembercount=\count306
\historycount=\count307
\historytempcount=\count308
\temphistorycount=\count309
\historycount=\count310
\historytempcount=\count311
\temphistorycount=\count312
\symtempcount=\count313
\tfootcount=\count314
\temptfootcount=\count315
\tbodycount=\count316
\tgroupcount=\count317
\bcount=\count318
\ncount=\count319
\ccount=\count320
\acomcount=\count321
\tempacomcount=\count322
\acomtempcount=\count323
\TotalCharCount=\count324
\seccount=\count325
\authcount=\count326
\SCOUNT=\count327
\HCOUNT=\count328
\fpcount=\count329
\viper@penalty=\count330
\AQpage=\count331
\AQlpage=\count332
\c@afrfilnote=\count333
\c@part=\count334
\c@chapter=\count335
\c@HLtitle=\count336
\c@section=\count337
\c@subsection=\count338
\c@subsubsection=\count339
\c@paragraph=\count340
\c@subparagraph=\count341
\c@HLsection=\count342
\c@HLsubsection=\count343
\c@HLsubsubsection=\count344
\c@HLparagraph=\count345
\c@HLsubparagraph=\count346
\c@subsubparagraph=\count347
\c@subsubsubparagraph=\count348
\c@HLsubsubparagraph=\count349
\c@HLsubsubsubparagraph=\count350
\c@ncount=\count351
\c@figure=\count352
\c@table=\count353
\c@samp=\count354
\c@abscount=\count355
\c@startendpage=\count356
\trimwidthval=\dimen138
\trimwidthbleedval=\dimen139
\trimheightval=\dimen140
\trimheightbleedval=\dimen141
\draftrule=\dimen142
\trimrule=\dimen143
\tempdimen=\dimen144
\normaltextheight=\dimen145
\blindfoliodrop=\dimen146
\enumdim=\dimen147
\figheight=\dimen148
\figwidth=\dimen149
\tabledim=\dimen150
\mathindent=\dimen151
\emathindent=\dimen152
\bibindent=\dimen153
\metaleftskip=\dimen154
\metarightskip=\dimen155
\@partialpageht=\dimen156
\storedboxheight=\dimen157
\LabelSep=\dimen158
\leftmarginvii=\dimen159
\leftmarginviii=\dimen160
\leftmarginix=\dimen161
\leftmarginx=\dimen162
\enumdimwd=\dimen163
\itemleftmargin=\dimen164
\itemlabelsep=\dimen165
\descleftmargin=\dimen166
\desclabelsep=\dimen167
\figcadimen=\dimen168
\captionwidth=\dimen169
\figindent=\dimen170
\figwidthcapdimen=\dimen171
\exfigdimwd=\dimen172
\figdim=\dimen173
\tabledim=\dimen174
\sidetskip=\dimen175
\sideverticalskip=\dimen176
\tablecaptionheight=\dimen177
\sidetskip=\dimen178
\sideverticalskip=\dimen179
\tablewidth=\dimen180
\tablewidthshade=\dimen181
\fboxtablewidth=\dimen182
\tablewidth=\dimen183
\extratableheight=\dimen184
\tablebodywidth=\dimen185
\tableheight=\dimen186
\fboxgrtypewidth=\dimen187
\toprulewidth=\dimen188
\midrulewidth=\dimen189
\botrulewidth=\dimen190
\cmidrulewidth=\dimen191
\belowrulesep=\dimen192
\belowbottomsep=\dimen193
\aboverulesep=\dimen194
\abovetopsep=\dimen195
\cmidrulesep=\dimen196
\cmidrulekern=\dimen197
\defaultaddspace=\dimen198
\@thisrulewidth=\dimen199
\foot@parindent=\dimen256
\ptdraftrule=\dimen257
\ptdraftrule=\dimen258
\temptextheight=\dimen259
\bibindent=\dimen260
\bibleftmargin=\dimen261
\bibitemsep=\dimen262
\bibparsep=\dimen263
\bibtext=\dimen264
\biblabelsep=\dimen265
\bibleftmargini=\dimen266
\chapwidth=\dimen267
\secnwidth=\dimen268
\subsecnwidth=\dimen269
\subsubsecnwidth=\dimen270
\pldim=\dimen271
\authorcontentwidth=\dimen272
\@ctocsecmaxnumdim=\dimen273
\ctocsecnwidth=\dimen274
\@secmaxnumdim=\dimen275
\secnwidth=\dimen276
\@ctocsubsecmaxnumdim=\dimen277
\ctocsubsecnwidth=\dimen278
\@subsecmaxnumdim=\dimen279
\subsecnwidth=\dimen280
\@figuremaxnumdim=\dimen281
\figurecontwidth=\dimen282
\@tablemaxnumdim=\dimen283
\tablecontwidth=\dimen284
\tempdim=\dimen285
\presentfigwidth=\dimen286
\oldfigwidth=\dimen287
\remainingtextwidth=\dimen288
\letterwidth=\dimen289
\letterheight=\dimen290
\legalwidth=\dimen291
\legalheight=\dimen292
\tabloidwidth=\dimen293
\tabloidheight=\dimen294
\@tempdima=\dimen295
\@tempdimb=\dimen296
\@tempdimc=\dimen297
\@tempdimd=\dimen298
\@tempdime=\dimen299
\deflistmaxskip=\dimen300
\deflistskip=\dimen301
\myskip=\dimen302
\ht@viper=\dimen303
\hisbox=\box50
\tempbox=\box51
\abstractbox=\box52
\store@outputbox=\box53
\keywordbox=\box54
\subbox=\box55
\tabimagebox=\box56
\citybox=\box57
\statebox=\box58
\pscodebox=\box59
\countrybox=\box60
\addlinebox=\box61
\instbox=\box62
\instnamebox=\box63
\deptbox=\box64
\zipbox=\box65
\provincebox=\box66
\phonebox=\box67
\faxbox=\box68
\deflistbox=\box69
\boxBibH=\box70
\onlinefibox=\box71
\onlinefiibox=\box72
\v@aaa=\box73
\v@ccc=\box74
\authrun=\box75
\plainCOPbox=\box76
\colorCOPbox=\box77
\chap@tempbox=\box78
\tempabox=\box79
\figcapbox=\box80
\figtempbox=\box81
\tabcapbox=\box82
\tabbox=\box83
\tabnotebox=\box84
\tablefootbox=\box85
\temptbox=\box86
\tempttbox=\box87
\temptttbox=\box88
\tempttttbox=\box89
\tabletempboxsecond=\box90
\tabletempboxthird=\box91
\boxcont=\box92
\normalbaselineskip=\skip47
\tableleftskip=\skip48
\tablerightskip=\skip49
\tabnoteleftskip=\skip50
\tabnoterightskip=\skip51
\colmargin=\skip52
\texttypewidthsep=\skip53
\authorbelowskip=\skip54
\headlineindent=\skip55
\instindent=\skip56
\topsepi=\skip57
\topsepii=\skip58
\topsepiii=\skip59
\topsepiv=\skip60
\topsepv=\skip61
\topsepvi=\skip62
\topsepvii=\skip63
\topsepviii=\skip64
\topsepix=\skip65
\topsepx=\skip66
\itemsepi=\skip67
\itemsepii=\skip68
\itemsepiii=\skip69
\itemsepiv=\skip70
\itemsepv=\skip71
\itemsepvi=\skip72
\itemsepvii=\skip73
\itemsepviii=\skip74
\itemsepix=\skip75
\itemsepx=\skip76
\listtextleftmargin=\skip77
\listtextleftmarginii=\skip78
\listtextleftmarginiii=\skip79
\listtextleftmarginiv=\skip80
\listtextleftmarginv=\skip81
\listtextleftmarginvi=\skip82
\listtextleftmarginvii=\skip83
\listtextleftmarginviii=\skip84
\listtextleftmarginix=\skip85
\listtextleftmarginx=\skip86
\listtextrightmargin=\skip87
\listlabelleftskip=\skip88
\listlabelleftskipii=\skip89
\listlabelleftskipiii=\skip90
\listlabelleftskipiv=\skip91
\listlabelleftskipv=\skip92
\listlabelleftskipvi=\skip93
\listlabelleftskipvii=\skip94
\listlabelleftskipviii=\skip95
\listlabelleftskipix=\skip96
\listlabelleftskipx=\skip97
\abovelistskipi=\skip98
\belowlistskipi=\skip99
\abovelistskipii=\skip100
\belowlistskipii=\skip101
\abovelistskipiii=\skip102
\belowlistskipiii=\skip103
\abovelistskipiv=\skip104
\belowlistskipiv=\skip105
\abovelistskipv=\skip106
\belowlistskipv=\skip107
\abovelistskipvi=\skip108
\belowlistskipvi=\skip109
\abovelistskipvii=\skip110
\belowlistskipvii=\skip111
\abovelistskipviii=\skip112
\belowlistskipviii=\skip113
\abovelistskipix=\skip114
\belowlistskipix=\skip115
\abovelistskipx=\skip116
\belowlistskipx=\skip117
\labelsepi=\skip118
\labelsepii=\skip119
\labelsepiii=\skip120
\labelsepiv=\skip121
\labelsepv=\skip122
\labelsepvi=\skip123
\labelsepvii=\skip124
\labelsepviii=\skip125
\labelsepix=\skip126
\labelsepx=\skip127
\unnumlistitemindent=\skip128
\unnumlisttextskip=\skip129
\figcaptionleftskip=\skip130
\figcaptionrightskip=\skip131
\figleftskip=\skip132
\figrightskip=\skip133
\adjustskip=\skip134
\sidetskip=\skip135
\sideverticalskip=\skip136
\fignumcapsep=\skip137
\figcapdescsep=\skip138
\tableleftskip=\skip139
\tablerightskip=\skip140
\tablecapleftskip=\skip141
\tablecaprightskip=\skip142
\sideverticalskip=\skip143
\sidetskip=\skip144
\addtotablewidth=\skip145
\tablenumcapsep=\skip146
\tablefootleftskip=\skip147
\tablefootrightskip=\skip148
\manshowtfootskip=\skip149
\footnoteabovespace=\skip150
\fixfmbmcontentwidth=\skip151
\fixauthorcontentwidth=\skip152
\fixchapcontentwidth=\skip153
\enspacechapcontentwidth=\skip154
\ctocfixsectioncontentwidth=\skip155
\ctocenspacesectioncontentwidth=\skip156
\ctocfixsubsectioncontentwidth=\skip157
\ctocenspacesubsectioncontentwidth=\skip158
\enspacefigurecontentwidth=\skip159
\fixfigurecontentwidth=\skip160
\fixtablecontentwidth=\skip161
\enspacetablecontentwidth=\skip162
\@mathmargin=\skip163
\verbatimindent=\skip164
\CRskip=\skip165
\subtitleval=\skip166
\abovecaptionskip=\skip167
\belowcaptionskip=\skip168
\belowtabcaptionskip=\skip169
\trimwidth=\skip170
\trimheight=\skip171
\typewidth=\skip172
\typeheight=\skip173
\authorrunning=\toks16
\titrun=\box93
\titlerunning=\toks17
\tocauthor=\toks18
\toctitle=\toks19
\CharCounttoks=\toks20
(/usr/local/texlive/2022/texmf-dist/tex/latex/etex-pkg/etex.sty
Package: etex 2016/08/01 v2.7 eTeX basic definition package (PEB,DPC)


Package etex Warning: Extended allocation already in use.
(etex)                etex.sty code will not be used.
(etex)                To force etex package to load, add
(etex)                \RequirePackage{etex}
(etex)                at the start of the document.

) (/usr/local/texlive/2022/texmf-dist/tex/latex/amscls/amsthm.sty
Package: amsthm 2020/05/29 v2.20.6
\thm@style=\toks21
\thm@bodyfont=\toks22
\thm@headfont=\toks23
\thm@notefont=\toks24
\thm@headpunct=\toks25
\thm@preskip=\skip174
\thm@postskip=\skip175
\thm@headsep=\skip176
\dth@everypar=\toks26
)
(/usr/local/texlive/2022/texmf-dist/tex/generic/soul/soul.sty
Package: soul 2003/11/17 v2.4 letterspacing/underlining (mf)
\SOUL@word=\toks27
\SOUL@lasttoken=\toks28
\SOUL@cmds=\toks29
\SOUL@buffer=\toks30
\SOUL@token=\toks31
\SOUL@spaceskip=\skip177
\SOUL@ttwidth=\dimen304
\SOUL@uldp=\dimen305
\SOUL@ulht=\dimen306
)
(/usr/local/texlive/2022/texmf-dist/tex/generic/iftex/ifpdf.sty
Package: ifpdf 2019/10/25 v3.4 ifpdf legacy package. Use iftex instead.

(/usr/local/texlive/2022/texmf-dist/tex/generic/iftex/iftex.sty
Package: iftex 2022/02/03 v1.0f TeX engine tests
))
(/usr/local/texlive/2022/texmf-dist/tex/latex/tools/calc.sty
Package: calc 2017/05/25 v4.3 Infix arithmetic (KKT,FJ)
\calc@Acount=\count357
\calc@Bcount=\count358
\calc@Adimen=\dimen307
\calc@Bdimen=\dimen308
\calc@Askip=\skip178
\calc@Bskip=\skip179
LaTeX Info: Redefining \setlength on input line 80.
LaTeX Info: Redefining \addtolength on input line 81.
\calc@Ccount=\count359
\calc@Cskip=\skip180
)
(/usr/local/texlive/2022/texmf-dist/tex/latex/graphics/color.sty
Package: color 2021/12/07 v1.3c Standard LaTeX Color (DPC)

(/usr/local/texlive/2022/texmf-dist/tex/latex/graphics-cfg/color.cfg
File: color.cfg 2016/01/02 v1.6 sample color configuration
)
Package color Info: Driver file: pdftex.def on input line 149.

(/usr/local/texlive/2022/texmf-dist/tex/latex/graphics-def/pdftex.def
File: pdftex.def 2020/10/05 v1.2a Graphics/color driver for pdftex
))
(/usr/local/texlive/2022/texmf-dist/tex/latex/psnfss/mathptmx.sty
Package: mathptmx 2020/03/25 PSNFSS-v9.3 Times w/ Math, improved (SPQR, WaS) 
LaTeX Font Info:    Redeclaring symbol font `operators' on input line 28.
LaTeX Font Info:    Overwriting symbol font `operators' in version `normal'
(Font)                  OT1/cmr/m/n --> OT1/ztmcm/m/n on input line 28.
LaTeX Font Info:    Overwriting symbol font `operators' in version `bold'
(Font)                  OT1/cmr/bx/n --> OT1/ztmcm/m/n on input line 28.
LaTeX Font Info:    Redeclaring symbol font `letters' on input line 29.
LaTeX Font Info:    Overwriting symbol font `letters' in version `normal'
(Font)                  OML/cmm/m/it --> OML/ztmcm/m/it on input line 29.
LaTeX Font Info:    Overwriting symbol font `letters' in version `bold'
(Font)                  OML/cmm/b/it --> OML/ztmcm/m/it on input line 29.
LaTeX Font Info:    Redeclaring symbol font `symbols' on input line 30.
LaTeX Font Info:    Overwriting symbol font `symbols' in version `normal'
(Font)                  OMS/cmsy/m/n --> OMS/ztmcm/m/n on input line 30.
LaTeX Font Info:    Overwriting symbol font `symbols' in version `bold'
(Font)                  OMS/cmsy/b/n --> OMS/ztmcm/m/n on input line 30.
LaTeX Font Info:    Redeclaring symbol font `largesymbols' on input line 31.
LaTeX Font Info:    Overwriting symbol font `largesymbols' in version `normal'
(Font)                  OMX/cmex/m/n --> OMX/ztmcm/m/n on input line 31.
LaTeX Font Info:    Overwriting symbol font `largesymbols' in version `bold'
(Font)                  OMX/cmex/m/n --> OMX/ztmcm/m/n on input line 31.
\symbold=\mathgroup4
\symitalic=\mathgroup5
LaTeX Font Info:    Redeclaring math alphabet \mathbf on input line 34.
LaTeX Font Info:    Overwriting math alphabet `\mathbf' in version `normal'
(Font)                  OT1/cmr/bx/n --> OT1/ptm/bx/n on input line 34.
LaTeX Font Info:    Overwriting math alphabet `\mathbf' in version `bold'
(Font)                  OT1/cmr/bx/n --> OT1/ptm/bx/n on input line 34.
LaTeX Font Info:    Redeclaring math alphabet \mathit on input line 35.
LaTeX Font Info:    Overwriting math alphabet `\mathit' in version `normal'
(Font)                  OT1/cmr/m/it --> OT1/ptm/m/it on input line 35.
LaTeX Font Info:    Overwriting math alphabet `\mathit' in version `bold'
(Font)                  OT1/cmr/bx/it --> OT1/ptm/m/it on input line 35.
LaTeX Info: Redefining \hbar on input line 50.
)
(/usr/local/texlive/2022/texmf-dist/tex/latex/framed/framed.sty
Package: framed 2011/10/22 v 0.96: framed or shaded text with page breaks
\OuterFrameSep=\skip181
\fb@frw=\dimen309
\fb@frh=\dimen310
\FrameRule=\dimen311
\FrameSep=\dimen312
)
\maketitlebox=\box94
\c@enumv=\count360
\c@enumvi=\count361
\c@enumvii=\count362
\c@enumviii=\count363
\c@enumix=\count364
\c@enumx=\count365
\figcappush=\dimen313
\figcappull=\dimen314
\figscapbox=\box95
\tablemove=\dimen315
\@maintab=\write3

(/usr/local/texlive/2022/texmf-dist/tex/latex/arydshln/arydshln.sty
Package: arydshln 2019/02/21 v1.76 
\dashlinedash=\dimen316
\dashlinegap=\dimen317
\adl@box=\box96
\adl@height=\dimen318
\adl@heightsave=\dimen319
\adl@depth=\dimen320
\adl@depthsave=\dimen321
\adl@finaldepth=\dimen322
\adl@columns=\count366
\adl@ncol=\count367
\adl@currentcolumn=\count368
\adl@currentcolumnsave=\count369
\adl@totalheight=\count370
\adl@totalheightsave=\count371
\adl@dash=\count372
\adl@gap=\count373
\adl@cla=\count374
\adl@clb=\count375
\adl@everyvbox=\toks32
\adl@LTpagetotal=\dimen323
)
(/usr/local/texlive/2022/texmf-dist/tex/latex/booktabs/booktabs.sty
Package: booktabs 2020/01/12 v1.61803398 Publication quality tables
\heavyrulewidth=\dimen324
\lightrulewidth=\dimen325
\cmidrulewidth=\dimen326
\belowrulesep=\dimen327
\belowbottomsep=\dimen328
\aboverulesep=\dimen329
\abovetopsep=\dimen330
\cmidrulesep=\dimen331
\cmidrulekern=\dimen332
\defaultaddspace=\dimen333
\@cmidla=\count376
\@cmidlb=\count377
\@aboverulesep=\dimen334
\@belowrulesep=\dimen335
\@thisruleclass=\count378
\@lastruleclass=\count379
\@thisrulewidth=\dimen336
)
\belowmidrulesep=\dimen337
\midlightrulewidth=\dimen338
\figbox=\box97
\figheight=\dimen339

(/usr/local/texlive/2022/texmf-dist/tex/latex/natbib/natbib.sty
Package: natbib 2010/09/13 8.31b (PWD, AO)
\bibhang=\skip182
\bibsep=\skip183
LaTeX Info: Redefining \cite on input line 694.
\c@NAT@ctr=\count380
))
(/usr/local/texlive/2022/texmf-dist/tex/latex/amsmath/amsmath.sty
Package: amsmath 2021/10/15 v2.17l AMS math features
\@mathmargin=\skip184

For additional information on amsmath, use the `?' option.
(/usr/local/texlive/2022/texmf-dist/tex/latex/amsmath/amstext.sty
Package: amstext 2021/08/26 v2.01 AMS text

(/usr/local/texlive/2022/texmf-dist/tex/latex/amsmath/amsgen.sty
File: amsgen.sty 1999/11/30 v2.0 generic functions
\@emptytoks=\toks33
\ex@=\dimen340
)
LaTeX Info: Redefining \text on input line 28.
)
(/usr/local/texlive/2022/texmf-dist/tex/latex/amsmath/amsbsy.sty
Package: amsbsy 1999/11/29 v1.2d Bold Symbols
\pmbraise@=\dimen341
)
(/usr/local/texlive/2022/texmf-dist/tex/latex/amsmath/amsopn.sty
Package: amsopn 2021/08/26 v2.02 operator names
)
\inf@bad=\count381
LaTeX Info: Redefining \frac on input line 234.
\uproot@=\count382
\leftroot@=\count383
LaTeX Info: Redefining \overline on input line 399.
\classnum@=\count384
\DOTSCASE@=\count385
LaTeX Info: Redefining \ldots on input line 496.
LaTeX Info: Redefining \dots on input line 499.
LaTeX Info: Redefining \cdots on input line 620.
\Mathstrutbox@=\box98
\strutbox@=\box99
\big@size=\dimen342
LaTeX Font Info:    Redeclaring font encoding OML on input line 743.
LaTeX Font Info:    Redeclaring font encoding OMS on input line 744.
\macc@depth=\count386
\c@MaxMatrixCols=\count387
\dotsspace@=\muskip16
\c@parentequation=\count388
\dspbrk@lvl=\count389
\tag@help=\toks34
\row@=\count390
\column@=\count391
\maxfields@=\count392
\andhelp@=\toks35
\eqnshift@=\dimen343
\alignsep@=\dimen344
\tagshift@=\dimen345
\tagwidth@=\dimen346
\totwidth@=\dimen347
\lineht@=\dimen348
\@envbody=\toks36
\multlinegap=\skip185
\multlinetaggap=\skip186
\mathdisplay@stack=\toks37
LaTeX Info: Redefining \[ on input line 2938.
LaTeX Info: Redefining \] on input line 2939.
)
(/usr/local/texlive/2022/texmf-dist/tex/latex/graphics/graphicx.sty
Package: graphicx 2021/09/16 v1.2d Enhanced LaTeX Graphics (DPC,SPQR)

(/usr/local/texlive/2022/texmf-dist/tex/latex/graphics/keyval.sty
Package: keyval 2014/10/28 v1.15 key=value parser (DPC)
\KV@toks@=\toks38
)
(/usr/local/texlive/2022/texmf-dist/tex/latex/graphics/graphics.sty
Package: graphics 2021/03/04 v1.4d Standard LaTeX Graphics (DPC,SPQR)

(/usr/local/texlive/2022/texmf-dist/tex/latex/graphics/trig.sty
Package: trig 2021/08/11 v1.11 sin cos tan (DPC)
)
(/usr/local/texlive/2022/texmf-dist/tex/latex/graphics-cfg/graphics.cfg
File: graphics.cfg 2016/06/04 v1.11 sample graphics configuration
)
Package graphics Info: Driver file: pdftex.def on input line 107.
)
\Gin@req@height=\dimen349
\Gin@req@width=\dimen350
)
(/usr/local/texlive/2022/texmf-dist/tex/latex/epstopdf-pkg/epstopdf.sty
Package: epstopdf 2020-01-24 v2.11 Conversion with epstopdf on the fly (HO)

(/usr/local/texlive/2022/texmf-dist/tex/generic/infwarerr/infwarerr.sty
Package: infwarerr 2019/12/03 v1.5 Providing info/warning/error messages (HO)
)
(/usr/local/texlive/2022/texmf-dist/tex/latex/grfext/grfext.sty
Package: grfext 2019/12/03 v1.3 Manage graphics extensions (HO)

(/usr/local/texlive/2022/texmf-dist/tex/generic/kvdefinekeys/kvdefinekeys.sty
Package: kvdefinekeys 2019-12-19 v1.6 Define keys (HO)
)) (/usr/local/texlive/2022/texmf-dist/tex/latex/kvoptions/kvoptions.sty
Package: kvoptions 2020-10-07 v3.14 Key value format for package options (HO)

(/usr/local/texlive/2022/texmf-dist/tex/generic/ltxcmds/ltxcmds.sty
Package: ltxcmds 2020-05-10 v1.25 LaTeX kernel commands for general use (HO)
)
(/usr/local/texlive/2022/texmf-dist/tex/generic/kvsetkeys/kvsetkeys.sty
Package: kvsetkeys 2019/12/15 v1.18 Key value parser (HO)
))
(/usr/local/texlive/2022/texmf-dist/tex/generic/pdftexcmds/pdftexcmds.sty
Package: pdftexcmds 2020-06-27 v0.33 Utility functions of pdfTeX for LuaTeX (HO
)
Package pdftexcmds Info: \pdf@primitive is available.
Package pdftexcmds Info: \pdf@ifprimitive is available.
Package pdftexcmds Info: \pdfdraftmode found.
)
(/usr/local/texlive/2022/texmf-dist/tex/latex/epstopdf-pkg/epstopdf-base.sty
Package: epstopdf-base 2020-01-24 v2.11 Base part for package epstopdf
Package epstopdf-base Info: Redefining graphics rule for `.eps' on input line 4
85.
Package grfext Info: Graphics extension search list:
(grfext)             [.pdf,.png,.jpg,.mps,.jpeg,.jbig2,.jb2,.PDF,.PNG,.JPG,.JPE
G,.JBIG2,.JB2,.eps]
(grfext)             \AppendGraphicsExtensions on input line 504.

(/usr/local/texlive/2022/texmf-dist/tex/latex/latexconfig/epstopdf-sys.cfg
File: epstopdf-sys.cfg 2010/07/13 v1.3 Configuration of (r)epstopdf for TeX Liv
e
)))
(/usr/local/texlive/2022/texmf-dist/tex/latex/multirow/multirow.sty
Package: multirow 2021/03/15 v2.8 Span multiple rows of a table
\multirow@colwidth=\skip187
\multirow@cntb=\count393
\multirow@dima=\skip188
\bigstrutjot=\dimen351
)
LaTeX Font Info:    Trying to load font information for OT1+ptm on input line 1
6.

(/usr/local/texlive/2022/texmf-dist/tex/latex/psnfss/ot1ptm.fd
File: ot1ptm.fd 2001/06/04 font definitions for OT1/ptm.
)
(/usr/local/texlive/2022/texmf-dist/tex/latex/l3backend/l3backend-pdftex.def
File: l3backend-pdftex.def 2022-02-07 L3 backend support: PDF output (pdfTeX)
\l__color_backend_stack_int=\count394
\l__pdf_internal_box=\box100
)
(./NLEguide.aux)
\openout1 = `NLEguide.aux'.

LaTeX Font Info:    Checking defaults for OML/cmm/m/it on input line 16.
LaTeX Font Info:    ... okay on input line 16.
LaTeX Font Info:    Checking defaults for OMS/cmsy/m/n on input line 16.
LaTeX Font Info:    ... okay on input line 16.
LaTeX Font Info:    Checking defaults for OT1/cmr/m/n on input line 16.
LaTeX Font Info:    ... okay on input line 16.
LaTeX Font Info:    Checking defaults for T1/cmr/m/n on input line 16.
LaTeX Font Info:    ... okay on input line 16.
LaTeX Font Info:    Checking defaults for TS1/cmr/m/n on input line 16.
LaTeX Font Info:    ... okay on input line 16.
LaTeX Font Info:    Checking defaults for OMX/cmex/m/n on input line 16.
LaTeX Font Info:    ... okay on input line 16.
LaTeX Font Info:    Checking defaults for U/cmr/m/n on input line 16.
LaTeX Font Info:    ... okay on input line 16.

(/usr/local/texlive/2022/texmf-dist/tex/context/base/mkii/supp-pdf.mkii
[Loading MPS to PDF converter (version 2006.09.02).]
\scratchcounter=\count395
\scratchdimen=\dimen352
\scratchbox=\box101
\nofMPsegments=\count396
\nofMParguments=\count397
\everyMPshowfont=\toks39
\MPscratchCnt=\count398
\MPscratchDim=\dimen353
\MPnumerator=\count399
\makeMPintoPDFobject=\count400
\everyMPtoPDFconversion=\toks40
)
LaTeX Font Info:    Trying to load font information for OT1+ztmcm on input line
 41.
 (/usr/local/texlive/2022/texmf-dist/tex/latex/psnfss/ot1ztmcm.fd
File: ot1ztmcm.fd 2000/01/03 Fontinst v1.801 font definitions for OT1/ztmcm.
)
LaTeX Font Info:    Trying to load font information for OML+ztmcm on input line
 41.

(/usr/local/texlive/2022/texmf-dist/tex/latex/psnfss/omlztmcm.fd
File: omlztmcm.fd 2000/01/03 Fontinst v1.801 font definitions for OML/ztmcm.
)
LaTeX Font Info:    Trying to load font information for OMS+ztmcm on input line
 41.

(/usr/local/texlive/2022/texmf-dist/tex/latex/psnfss/omsztmcm.fd
File: omsztmcm.fd 2000/01/03 Fontinst v1.801 font definitions for OMS/ztmcm.
)
LaTeX Font Info:    Trying to load font information for OMX+ztmcm on input line
 41.

(/usr/local/texlive/2022/texmf-dist/tex/latex/psnfss/omxztmcm.fd
File: omxztmcm.fd 2000/01/03 Fontinst v1.801 font definitions for OMX/ztmcm.
)
LaTeX Font Info:    Font shape `OT1/ptm/bx/n' in size <9> not available
(Font)              Font shape `OT1/ptm/b/n' tried instead on input line 41.
LaTeX Font Info:    Font shape `OT1/ptm/bx/n' in size <7> not available
(Font)              Font shape `OT1/ptm/b/n' tried instead on input line 41.
LaTeX Font Info:    Font shape `OT1/ptm/bx/n' in size <5> not available
(Font)              Font shape `OT1/ptm/b/n' tried instead on input line 41.
LaTeX Font Info:    Trying to load font information for OT1+phv on input line 4
5.

(/usr/local/texlive/2022/texmf-dist/tex/latex/psnfss/ot1phv.fd
File: ot1phv.fd 2020/03/25 scalable font definitions for OT1/phv.
)

LaTeX Font Warning: Font shape `OT1/phv/sb/n' undefined
(Font)              using `OT1/phv/b/n' instead on input line 45.


LaTeX Font Warning: Font shape `OT1/phv/sb/n' undefined
(Font)              using `OT1/phv/b/n' instead on input line 45.

LaTeX Font Info:    Calculating math sizes for size <16> on input line 45.
LaTeX Font Info:    Font shape `OT1/ptm/bx/n' in size <16> not available
(Font)              Font shape `OT1/ptm/b/n' tried instead on input line 45.
LaTeX Font Info:    Font shape `OT1/ptm/bx/n' in size <11.84009> not available
(Font)              Font shape `OT1/ptm/b/n' tried instead on input line 45.
LaTeX Font Info:    Font shape `OT1/ptm/bx/n' in size <9.6001> not available
(Font)              Font shape `OT1/ptm/b/n' tried instead on input line 45.
LaTeX Font Info:    Font shape `OT1/ptm/bx/n' in size <8> not available
(Font)              Font shape `OT1/ptm/b/n' tried instead on input line 45.
LaTeX Font Info:    Font shape `OT1/ptm/bx/n' in size <6> not available
(Font)              Font shape `OT1/ptm/b/n' tried instead on input line 45.

LaTeX Font Warning: Font shape `OT1/phv/sb/n' undefined
(Font)              using `OT1/phv/b/n' instead on input line 45.

LaTeX Font Info:    Calculating math sizes for size <10.25> on input line 50.
LaTeX Font Info:    Font shape `OT1/ptm/bx/n' in size <10.25> not available
(Font)              Font shape `OT1/ptm/b/n' tried instead on input line 50.
LaTeX Font Info:    Font shape `OT1/ptm/bx/n' in size <7.58505> not available
(Font)              Font shape `OT1/ptm/b/n' tried instead on input line 50.
LaTeX Font Info:    Font shape `OT1/ptm/bx/n' in size <6.15005> not available
(Font)              Font shape `OT1/ptm/b/n' tried instead on input line 50.
LaTeX Font Info:    Font shape `OT1/phv/b/it' in size <9.5> not available
(Font)              Font shape `OT1/phv/b/sl' tried instead on input line 56.
LaTeX Font Info:    Calculating math sizes for size <9.5> on input line 56.
LaTeX Font Info:    Font shape `OT1/ptm/bx/n' in size <9.5> not available
(Font)              Font shape `OT1/ptm/b/n' tried instead on input line 56.
LaTeX Font Info:    Font shape `OT1/ptm/bx/n' in size <7.03004> not available
(Font)              Font shape `OT1/ptm/b/n' tried instead on input line 56.
LaTeX Font Info:    Font shape `OT1/ptm/bx/n' in size <5.70006> not available
(Font)              Font shape `OT1/ptm/b/n' tried instead on input line 56.
LaTeX Font Info:    Font shape `OT1/phv/b/it' in size <7.03004> not available
(Font)              Font shape `OT1/phv/b/sl' tried instead on input line 56.

Overfull \vbox (42.0pt too high) has occurred while \output is active []


Overfull \vbox (42.0pt too high) has occurred while \output is active []


Overfull \vbox (702.46448pt too high) has occurred while \output is active []


Overfull \vbox (31.65767pt too high) has occurred while \output is active []


Overfull \vbox (670.60768pt too high) has occurred while \output is active []


Overfull \hbox (75.7pt too wide) has occurred while \output is active
[]
 []

Package epstopdf Info: Source file: <cup_logo.eps>
(epstopdf)                    date: 2019-08-13 14:36:02
(epstopdf)                    size: 408607 bytes
(epstopdf)             Output file: <cup_logo-eps-converted-to.pdf>
(epstopdf)                    date: 2019-08-13 14:36:30
(epstopdf)                    size: 22003 bytes
(epstopdf)             Command: <repstopdf --outfile=cup_logo-eps-converted-to.
pdf cup_logo.eps>
(epstopdf)             \includegraphics on input line 83.
Package epstopdf Info: Output file is already uptodate.
<cup_logo-eps-converted-to.pdf, id=1, 76.285pt x 17.06375pt>
File: cup_logo-eps-converted-to.pdf Graphic file (type pdf)
<use cup_logo-eps-converted-to.pdf>
Package pdftex.def Info: cup_logo-eps-converted-to.pdf  used on input line 83.
(pdftex.def)             Requested size: 76.2848pt x 17.06369pt.

Overfull \vbox (3.56369pt too high) has occurred while \output is active []


Overfull \hbox (322.5pt too wide) has occurred while \output is active
[][]
 []


Overfull \vbox (7.51079pt too high) has occurred while \output is active []

LaTeX Font Info:    Trying to load font information for TS1+ptm on input line 8
3.

(/usr/local/texlive/2022/texmf-dist/tex/latex/psnfss/ts1ptm.fd
File: ts1ptm.fd 2001/06/04 font definitions for TS1/ptm.
) [1{/usr/local/texlive/2022/texmf-var/fonts/map/pdftex/updmap/pdftex.map} <./c
up_logo-eps-converted-to.pdf>]
Overfull \vbox (42.0pt too high) has occurred while \output is active []


Overfull \vbox (42.0pt too high) has occurred while \output is active []


Overfull \vbox (702.46448pt too high) has occurred while \output is active []


Overfull \vbox (31.65767pt too high) has occurred while \output is active []


Overfull \vbox (670.60768pt too high) has occurred while \output is active []


[2]
Overfull \vbox (42.0pt too high) has occurred while \output is active []


Overfull \vbox (42.0pt too high) has occurred while \output is active []


Overfull \vbox (702.46448pt too high) has occurred while \output is active []


Overfull \vbox (31.65767pt too high) has occurred while \output is active []


Overfull \vbox (670.60768pt too high) has occurred while \output is active []


[3]

LaTeX Font Warning: Font shape `OT1/phv/sb/n' undefined
(Font)              using `OT1/phv/b/n' instead on input line 261.


LaTeX Font Warning: Font shape `OT1/phv/sb/n' undefined
(Font)              using `OT1/phv/b/n' instead on input line 261.


LaTeX Font Warning: Font shape `OT1/phv/sb/n' undefined
(Font)              using `OT1/phv/b/n' instead on input line 261.


LaTeX Font Warning: Font shape `OT1/phv/sb/n' undefined
(Font)              using `OT1/phv/b/n' instead on input line 261.

LaTeX Font Info:    Calculating math sizes for size <7.75> on input line 261.
LaTeX Font Info:    Font shape `OT1/ptm/bx/n' in size <7.75> not available
(Font)              Font shape `OT1/ptm/b/n' tried instead on input line 261.
LaTeX Font Info:    Font shape `OT1/ptm/bx/n' in size <5.73503> not available
(Font)              Font shape `OT1/ptm/b/n' tried instead on input line 261.
LaTeX Font Info:    Font shape `OT1/ptm/bx/n' in size <4.65004> not available
(Font)              Font shape `OT1/ptm/b/n' tried instead on input line 261.

Overfull \vbox (42.0pt too high) has occurred while \output is active []


Overfull \vbox (42.0pt too high) has occurred while \output is active []


Overfull \vbox (702.46448pt too high) has occurred while \output is active []


Overfull \vbox (31.65767pt too high) has occurred while \output is active []


Overfull \vbox (670.60768pt too high) has occurred while \output is active []


[4]

LaTeX Font Warning: Font shape `OT1/phv/sb/n' undefined
(Font)              using `OT1/phv/b/n' instead on input line 302.


LaTeX Font Warning: Font shape `OT1/phv/sb/n' undefined
(Font)              using `OT1/phv/b/n' instead on input line 302.


Overfull \vbox (42.0pt too high) has occurred while \output is active []


Overfull \vbox (42.0pt too high) has occurred while \output is active []


Overfull \vbox (702.46448pt too high) has occurred while \output is active []


Overfull \vbox (31.65767pt too high) has occurred while \output is active []


Overfull \vbox (670.60768pt too high) has occurred while \output is active []


[5]
LaTeX Font Info:    Font shape `OT1/phv/m/it' in size <9.5> not available
(Font)              Font shape `OT1/phv/m/sl' tried instead on input line 363.


LaTeX Font Warning: Font shape `OT1/cmtt/m/it' in size <9.5> not available
(Font)              size <9> substituted on input line 363.


Overfull \vbox (42.0pt too high) has occurred while \output is active []


Overfull \vbox (42.0pt too high) has occurred while \output is active []


Overfull \vbox (702.46448pt too high) has occurred while \output is active []


Overfull \vbox (31.65767pt too high) has occurred while \output is active []


Overfull \vbox (670.60768pt too high) has occurred while \output is active []


[6]
Overfull \hbox (1.3967pt too wide) in paragraph at lines 460--461
[][][]\OT1/cmtt/m/n/10 \history{(Received xx xxx xxx; revised xx xxx xxx; accep
ted xx xxx xxx)} 
 []


Overfull \vbox (42.0pt too high) has occurred while \output is active []


Overfull \vbox (42.0pt too high) has occurred while \output is active []


Overfull \vbox (702.46448pt too high) has occurred while \output is active []


Overfull \vbox (31.65767pt too high) has occurred while \output is active []


Overfull \vbox (670.60768pt too high) has occurred while \output is active []


[7]
Overfull \vbox (42.0pt too high) has occurred while \output is active []


Overfull \vbox (42.0pt too high) has occurred while \output is active []


Overfull \vbox (702.46448pt too high) has occurred while \output is active []


Overfull \vbox (31.65767pt too high) has occurred while \output is active []


Overfull \vbox (670.60768pt too high) has occurred while \output is active []


[8] (./NLEguide.aux)

LaTeX Font Warning: Size substitutions with differences
(Font)              up to 0.5pt have occurred.

 ) 
Here is how much of TeX's memory you used:
 6027 strings out of 478268
 89978 string characters out of 5846347
 397053 words of memory out of 5000000
 24109 multiletter control sequences out of 15000+600000
 566296 words of font info for 204 fonts, out of 8000000 for 9000
 1141 hyphenation exceptions out of 8191
 55i,16n,62p,455b,357s stack positions out of 10000i,1000n,20000p,200000b,200000s
{/usr/local/texlive/2022/texmf-dist/fonts/enc/dvips/base/8r.enc}</usr/local/t
exlive/2022/texmf-dist/fonts/type1/public/amsfonts/cm/cmitt10.pfb></usr/local/t
exlive/2022/texmf-dist/fonts/type1/public/amsfonts/cm/cmmi10.pfb></usr/local/te
xlive/2022/texmf-dist/fonts/type1/public/amsfonts/cm/cmr10.pfb></usr/local/texl
ive/2022/texmf-dist/fonts/type1/public/amsfonts/cm/cmsy10.pfb></usr/local/texli
ve/2022/texmf-dist/fonts/type1/public/amsfonts/cm/cmtt10.pfb></usr/local/texliv
e/2022/texmf-dist/fonts/type1/public/amsfonts/cm/cmtt8.pfb></usr/local/texlive/
2022/texmf-dist/fonts/type1/public/amsfonts/latxfont/lcircle1.pfb></usr/local/t
exlive/2022/texmf-dist/fonts/type1/urw/helvetic/uhvb8a.pfb></usr/local/texlive/
2022/texmf-dist/fonts/type1/urw/helvetic/uhvbo8a.pfb></usr/local/texlive/2022/t
exmf-dist/fonts/type1/urw/helvetic/uhvr8a.pfb></usr/local/texlive/2022/texmf-di
st/fonts/type1/urw/helvetic/uhvro8a.pfb></usr/local/texlive/2022/texmf-dist/fon
ts/type1/urw/symbol/usyr.pfb></usr/local/texlive/2022/texmf-dist/fonts/type1/ur
w/times/utmr8a.pfb></usr/local/texlive/2022/texmf-dist/fonts/type1/urw/times/ut
mri8a.pfb>
Output written on NLEguide.pdf (8 pages, 170656 bytes).
PDF statistics:
 105 PDF objects out of 1000 (max. 8388607)
 65 compressed objects within 1 object stream
 0 named destinations out of 1000 (max. 500000)
 6 words of extra memory for PDF output out of 10000 (max. 10000000)

