\BOOKMARK [1][-]{section.0.1}{\376\377\000I\000n\000t\000r\000o\000d\000u\000c\000t\000i\000o\000n}{}% 1
\BOOKMARK [1][-]{section.0.2}{\376\377\000C\000l\000a\000s\000s\000\040\000F\000i\000l\000e\000\040\000O\000p\000t\000i\000o\000n\000s}{}% 2
\BOOKMARK [1][-]{section.0.3}{\376\377\000T\000i\000t\000l\000e\000\040\000P\000a\000g\000e}{}% 3
\BOOKMARK [2][-]{subsection.0.3.1}{\376\377\000V\000o\000l\000u\000m\000e\000,\000\040\000N\000u\000m\000b\000e\000r\000\040\000a\000n\000d\000\040\000Y\000e\000a\000r}{section.0.3}% 4
\BOOKMARK [2][-]{subsection.0.3.2}{\376\377\000D\000o\000c\000u\000m\000e\000n\000t\000\040\000H\000e\000a\000d}{section.0.3}% 5
\BOOKMARK [2][-]{subsection.0.3.3}{\376\377\000P\000a\000p\000e\000r\000\040\000T\000i\000t\000l\000e}{section.0.3}% 6
\BOOKMARK [2][-]{subsection.0.3.4}{\376\377\000A\000u\000t\000h\000o\000r\000s}{section.0.3}% 7
\BOOKMARK [2][-]{subsection.0.3.5}{\376\377\000R\000u\000n\000n\000i\000n\000g\000\040\000H\000e\000a\000d\000e\000r\000s}{section.0.3}% 8
\BOOKMARK [2][-]{subsection.0.3.6}{\376\377\000A\000c\000t\000i\000o\000n\000\040\000E\000d\000i\000t\000o\000r\000\040\000a\000n\000d\000\040\000D\000a\000t\000e\000s\000\040\000o\000f\000\040\000S\000u\000b\000m\000i\000s\000s\000i\000o\000n\000,\000\040\000R\000e\000v\000i\000s\000i\000o\000n\000,\000\040\000a\000n\000d\000\040\000A\000c\000c\000e\000p\000t\000a\000n\000c\000e}{section.0.3}% 9
\BOOKMARK [1][-]{section.0.4}{\376\377\000A\000b\000s\000t\000r\000a\000c\000t}{}% 10
\BOOKMARK [1][-]{section.0.5}{\376\377\000S\000e\000c\000t\000i\000o\000n\000\040\000H\000e\000a\000d\000i\000n\000g\000s}{}% 11
\BOOKMARK [1][-]{section.0.6}{\376\377\000C\000i\000t\000a\000t\000i\000o\000n\000s}{}% 12
\BOOKMARK [1][-]{section.0.7}{\376\377\000D\000e\000f\000i\000n\000i\000t\000i\000o\000n\000\040\000w\000i\000t\000h\000\040\000H\000e\000a\000d}{}% 13
\BOOKMARK [1][-]{section.0.8}{\376\377\000L\000i\000s\000t\000s}{}% 14
\BOOKMARK [2][-]{subsection.0.8.1}{\376\377\000O\000t\000h\000e\000r\000\040\000L\000i\000s\000t\000\040\000T\000y\000p\000e\000s}{section.0.8}% 15
\BOOKMARK [1][-]{section.0.9}{\376\377\000W\000o\000r\000d\000\040\000F\000o\000r\000m\000u\000l\000a\000\040\000o\000r\000\040\000D\000i\000s\000p\000l\000a\000y\000e\000d\000\040\000T\000e\000x\000t}{}% 16
\BOOKMARK [1][-]{section.0.10}{\376\377\000D\000i\000a\000l\000o\000g\000u\000e}{}% 17
\BOOKMARK [1][-]{section.0.11}{\376\377\000E\000x\000t\000r\000a\000c\000t\000s}{}% 18
\BOOKMARK [1][-]{section.0.12}{\376\377\000T\000h\000e\000o\000r\000e\000m\000-\000l\000i\000k\000e\000\040\000E\000n\000v\000i\000r\000o\000n\000m\000e\000n\000t\000s}{}% 19
\BOOKMARK [2][-]{subsection.0.12.1}{\376\377\000E\000x\000a\000m\000p\000l\000e}{section.0.12}% 20
\BOOKMARK [2][-]{subsection.0.12.2}{\376\377\000L\000e\000m\000m\000a}{section.0.12}% 21
\BOOKMARK [2][-]{subsection.0.12.3}{\376\377\000T\000h\000e\000o\000r\000e\000m}{section.0.12}% 22
\BOOKMARK [1][-]{section.0.15}{\376\377\000O\000t\000h\000e\000r\000s}{}% 27
